********************************************************************************
DUPLICATOR-LITE PACKAGE-LOG: November 10, 2024 3:55 am
NOTICE: Do NOT post to public sites or forums 
********************************************************************************
VERSION:	1.5.11.1
WORDPRESS:	6.6.2
PHP INFO:	8.3.11 | SAPI: apache2handler
SERVER:		Apache/2.4.62 (Ubuntu) 
PHP TIME LIMIT: (0) no time limit imposed 
PHP MAX MEMORY: 4294967296 (128M default) 
MEMORY STACK: 4MB

********************************************************************************
DATABASE:
********************************************************************************
BUILD MODE:   MYSQLDUMP
MYSQLTIMEOUT: 5000
MYSQLDUMP:    Is Supported
SQL CREATED: site_backup_f22559877ab37dc91080_20241110035415_database.sql
SQL FILE SIZE: 722.44KB (739775)
SQL FILE TIME: 2024-11-10 03:55:20
SQL RUNTIME: 0.11 sec.

********************************************************************************
ARCHIVE (ZIP):
********************************************************************************
ARCHIVE DIR:  /var/www/html/wordpress
ARCHIVE FILE: site_backup_f22559877ab37dc91080_20241110035415_archive.zip
FILTERS: *OFF*
DIRS:
	not set
FILES:
	not set
EXTS:  not set
----------------------------------------
COMPRESSING
SIZE:	76.11MB
STATS:	Dirs 532 | Files 3,896
SQL ADDED: site_backup_f22559877ab37dc91080_20241110035415_database.sql
ZipArchive Object
(
    [lastId] => 4427
    [status] => 0
    [statusSys] => 0
    [numFiles] => 4428
    [filename] => /var/www/html/wordpress/wp-content/backups-dup-lite/tmp/site_backup_f22559877ab37dc91080_20241110035415_archive.zip
    [comment] => 
)

FILE ADDED TO ZIP: 4427
COMPRESSION RESULT: '1'
COMPRESSED SIZE: 28.84MB
ARCHIVE RUNTIME: 4.21 sec.
MEMORY STACK: 6MB
building installer
ARCHIVE CONSISTENCY TEST: PASS

********************************************************************************
INTEGRITY CHECKS:
********************************************************************************
SQL FILE: 722.44KB
INSTALLER FILE: 73.47KB
ARCHIVE FILE: 30.67MB 
EXPECTED FILE/DIRECTORY COUNT: 4,428
ACTUAL FILE/DIRECTORY COUNT: 4,427
ARCHIVE CONSISTENCY TEST: Pass

********************************************************************************
RECORD ID:[1]
TOTAL PROCESS RUNTIME: 4.89 sec.
PEAK PHP MEMORY USED: 6MB
DONE PROCESSING => site_backup November 10, 2024 3:55 am

